 Process in group number  2
 No PDF is used, alpha_s(MZ) from param_card is used
 Value of alpha_s from param_card:   0.118
 The default order of alpha_s running is fixed to  2
 *****************************************************
 *                    MadEvent                       *
 *        --------------------------------           *
 *          http://madgraph.hep.uiuc.edu             *
 *          http://madgraph.phys.ucl.ac.be           *
 *          http://madgraph.roma2.infn.it            *
 *        --------------------------------           *
 *                                                   *
 *         INTEGRATION CHANNEL LOG FILE              *
 *                                                   *
 *****************************************************

 *****************************************************
 *          SUMMARY OF THE SM PARAMETERS             *
 *****************************************************

  EW Parameters:
 ---------------

  GF (10^-5*Ge    1.1660
  1/alpha       127.9000
  M_Z   (GeV)    91.5445


 Boson masses and widths:
 ------------------------

      Z mass  =       91.545 GeV             Z width  =    2.4464 GeV  (calc @ LO)
      W mass  =       80.267 GeV             W width  =    2.0354 GeV  (calc @ LO)
      H mass  =      120.000 GeV             H width  =    0.0068 GeV  (calc @ LO)

 Fermion masses and widths:
 --------------------------

 top    mass  =      174.300 GeV        top    width  =    1.5101 GeV  (calc @ LO)
 bottom mass  =      4.200 GeV        bottom width  =    0.0000 GeV
 charm  mass  =      1.400 GeV        charm  width  =    0.0000 GeV
 tau    mass  =      1.777 GeV        tau    width  =    0.0000 GeV
 all other quark and lepton masses set to zero

 User Model couplings:
 ---------------------

   GAF(L)  =        0.31345      0.00000    GAF(R)  =        0.31345      0.00000
   GAN(L)  =        0.00000      0.00000    GAN(R)  =        0.00000      0.00000
  GEAP(L)  =        0.00031      0.00000   GEAP(R)  =        0.00031      0.00000

 Boson couplings:
 ----------------

      gwwa  =       0.31345
      gwwz  =       0.57159
      gwwh  =      52.32566     0.00000
      gzzh  =      68.06147     0.00000
      ghhh  =    -175.42461     0.00000

      gwwhh =       0.21248     0.00000
      gzzhh =       0.27638     0.00000
      ghhhh =      -0.71236     0.00000

 FFV couplings:
 --------------

  gal(L)   =        0.31345      0.00000   gal(R)   =        0.31345      0.00000
  gau(L)   =       -0.20897      0.00000   gau(R)   =       -0.20897      0.00000
  gad(L)   =        0.10448      0.00000   gad(R)   =        0.10448      0.00000

  gwf(L)   =       -0.46096      0.00000   gwf(R)   =        0.00000      0.00000

  gzn(L)   =       -0.37174      0.00000   gzn(R)   =        0.00000      0.00000
  gzl(L)   =        0.19985      0.00000   gzl(R)   =       -0.17189      0.00000
  gzu(L)   =       -0.25714      0.00000   gzu(R)   =        0.11459      0.00000
  gzd(L)   =        0.31444      0.00000   gzd(R)   =       -0.05730      0.00000

 FFH couplings:
 --------------

  gHtop(L) =    -0.7077896   0.0000000 gHtop(R) =    -0.7077896   0.0000000
  gHbot(L) =    -0.0170552   0.0000000 gHbot(R) =    -0.0170552   0.0000000
  gHcha(L) =    -0.0050759   0.0000000 gHcha(R) =    -0.0050759   0.0000000
  gHtau(L) =    -0.0072160   0.0000000 gHtau(R) =    -0.0072160   0.0000000

 Strong couplings:
 -----------------

  gg(1)    =    -1.2177158   0.0000000 gg(2)    =    -1.2177158   0.0000000

 User Model masses and widths:
 -----------------------------

      ELMASS  =        0.001 GeV           ELWIDTH    =    0.0000 GeV  (calc @ LO)
      APMASS  =        0.500 GeV           APWIDTH    =    0.0000 GeV  (calc @ LO)
      HPMASS  =      171.240 GeV           HPWIDTH    =    0.0000 GeV  (calc @ LO)

 User Model Parameters:
 ----------------------
    epsilon   =        0.001 GeV        
    Znuc      =       74.000 GeV        


 Collider parameters:
 --------------------

 Running at e e   machine @   61.378172 GeV
 PDF set = none   
 alpha_s(Mz)= 0.1180 running at 2 loops.
 alpha_s(Mz)= 0.1180 running at 2 loops.
 Renormalization scale set on event-by-event basis
 Factorization   scale set on event-by-event basis


 getting user params
Enter number of events and iterations: 
 Number of events and iterations  2000 9
Enter desired fractional accuracy: 
 Desired fractional accuracy:  -5758.999
Enter 0 for fixed, 2 for adjustable grid: 
Suppress amplitude (0 no, 1 yes)? 
 Using suppressed amplitude.
Exact helicity sum (0 yes, n = number/event)? 
 Summing over 1 helicities/event
Enter Configuration Number: 
Running Configuration Number:    2
 Not subdividing B.W.
 Attempting mappinvarients 1 6
 Completed mapping 6
 about to integrate  8 2000 9 8 1
 &&&&&&&& call sample_init
 Using non-zero grid deformation.
  8 dimensions   2000 events  8 invarients  9 iterations  1 config(s),  (0.99)
 Using h-tuple random number sequence.
 Error opening grid
 Using Uniform Grid!
 Using uniform alpha  1.
 Grid defined OK
 &&&&&&&& call graph_init
 Mapping Graph 2 to config 2
 myamp l312: xm( 3)=  0.00051109989
 myamp l312: xm( 4)=  171.24
 myamp l312: xm( 5)=  0.00051109989
 myamp l312: xm( 6)=  0.00051109989
Setting grid   1    0.83707E-11    0.00000E+00   1
Setting grid   2    0.83707E-11   -0.83707E-11   1
Setting grid   3    0.83707E-11    0.00000E+00   1
 Masses: 0.511E-03 0.171E+03 0.511E-03 0.171E+03 0.511E-03 0.511E-03
   2   1   2   3   4   5   6   7   8
Using random seed offsets     2 :      1
  with seed 292
 Ranmar initialization seeds 2096 9374
  Particle       3       4       5       6
      Et >     0.0     0.0     0.0     0.0
       E >     0.0     0.0     0.5     0.5
     Eta <100000.0100000.0100000.0100000.0
d R # 3  >     0.0     0.0     0.0     0.0
d R # 4  >     0.0     0.0     0.0     0.0
d R # 5  >     0.0     0.0     0.0     0.0
s min # 3>     0.0     0.0     0.0     0.0
s min # 4>     0.0     0.0     0.0     0.0
s min # 5>     0.0     0.0     0.0     0.0
   xqcut:      0.0     0.0     0.0     0.0
xqcutij # 3>     0.0     0.0     0.0     0.0
xqcutij # 4>     0.0     0.0     0.0     0.0
xqcutij # 5>     0.0     0.0     0.0     0.0
 alpha_s for scale   0. is   0.118
 Iteration  1   Mean: 0.1743E+07   Fluctuation:  0.596E+06   0.106E+10     1.8%
  1   0.1743E+07 +- 0.5959E+06     15.29
 Writing out events  5434.25701  15.2933456
 Iteration  2   Mean: 0.2248E+07   Fluctuation:  0.225E+06   0.322E+09    13.7%
  2   0.2248E+07 +- 0.2248E+06      6.33
 Found  438 events.
 Wrote  34 events.
 Correct xsec   0.
 Event xsec   0.
 Events wgts > 1:  0
 % Cross section > 1:   0.  NAN
 Iteration  3   Mean: 0.2157E+07   Fluctuation:  0.133E+06   0.354E+09    19.7%
  3   0.2157E+07 +- 0.1332E+06      5.52
 Found  920 events.
 Wrote  73 events.
 Correct xsec   2171809.74
 Event xsec   2171809.74
 Events wgts > 1:  3
 % Cross section > 1:   13899.5255  0.639997384
 Checking number of events -5758.999 73
 No improvement in events 68 73
 Iteration  4   Mean: 0.2071E+07   Fluctuation:  0.104E+06   0.106E+10    19.3%
  4   0.2071E+07 +- 0.1036E+06      6.33
 No improvement in events 29 73
 Checking number of events -5758.999 73
 No improvement in events 31 73
 Iteration  5   Mean: 0.2096E+07   Fluctuation:  0.523E+05   0.302E+09    17.9%
  5   0.2096E+07 +- 0.5225E+05      4.46
 Found  4354 events.
 Wrote  391 events.
 Correct xsec   2098429.77
 Event xsec   2098429.77
 Events wgts > 1:  13
 % Cross section > 1:   20913.1695  0.996610409
 Checking number of events -5758.999 391
 Found  4354 events.
 Wrote  404 events.
 Correct xsec   2098429.77
 Event xsec   2098429.77
 Events wgts > 1:  13
 % Cross section > 1:   20246.714  0.964850682
 Iteration  6   Mean: 0.2405E+07   Fluctuation:  0.315E+06   0.200E+11    17.0%
  6   0.2405E+07 +- 0.3147E+06     33.10
 No improvement in events 6 404
 Checking number of events -5758.999 404
 No improvement in events 4 404
 Iteration  7   Mean: 0.2098E+07   Fluctuation:  0.281E+05   0.116E+10    12.7%
  7   0.2098E+07 +- 0.2807E+05      4.79
 Exceeded boost 1 82  128000.
 Exceeded boost 1 83  128000.
 Exceeded boost 1 86  128000.
 Exceeded boost 1 87  128000.
 Exceeded boost 1 92  128000.
 Found  17586 events.
 Wrote  1026 events.
 Correct xsec   2100269.59
 Event xsec   2100269.59
 Events wgts > 1:  11
 % Cross section > 1:   21229.0912  1.01077934
 Checking number of events -5758.999 1026
 Found  17586 events.
 Wrote  1039 events.
 Correct xsec   2100269.59
 Event xsec   2100269.59
 Events wgts > 1:  11
 % Cross section > 1:   20966.1238  0.998258691
 Iteration  8   Mean: 0.2065E+07   Fluctuation:  0.216E+05   0.336E+10    13.0%
  8   0.2065E+07 +- 0.2159E+05      5.29
 Exceeded boost 1 93  256000.
 Exceeded boost 1 94  256000.
 Exceeded boost 1 95  256000.
 Found  36411 events.
 Wrote  1459 events.
 Correct xsec   2078693.78
 Event xsec   2078693.78
 Events wgts > 1:  10
 % Cross section > 1:   18727.6984  0.900935897
 Checking number of events -5758.999 1459
 Found  36411 events.
 Wrote  1500 events.
 Correct xsec   2078693.78
 Event xsec   2078693.78
 Events wgts > 1:  10
 % Cross section > 1:   18220.2948  0.876526165
 Iteration  9   Mean: 0.2079E+07   Fluctuation:  0.407E+05   0.195E+11    11.9%
  9   0.2079E+07 +- 0.4069E+05     14.00
 Exceeded boost 1 94  128000.
 Exceeded boost 1 95  512000.
 No improvement in events 48 1500
 Checking number of events -5758.999 1500
 No improvement in events 64 1500

 -------------------------------------------------------------------------------
 Accumulated results:   Integral =  0.2082E+07
                        Std dev  =  0.1480E+05
             Chi**2 per DoF.     =      0.4599
 -------------------------------------------------------------------------------
 &&&&&&&& end do 99
 &&&&&&&& xxxxd
-----------------------------------------------------
---------------------------
 Results Last 3 iters:  Integral =   0.2078E+07
                         Std dev =   0.1578E+05
                 Chi**2 per DoF. =      0.4577
-----------------------------------------------------
---------------------------
 &&&&&&&& xxxxe
 Status -5758.999 10 9
 &&&&&&&& xxxxf
 Trying w/ fresh grid
 &&&&&&&& xxxxg
 &&&&&&&& xxxxh
 Starting w/ ncall =  8000
 &&&&&&&& call sample_init
 Using non-zero grid deformation.
  8 dimensions   8000 events  8 invarients  8 iterations  1 config(s),  (0.99)
 Using h-tuple random number sequence.
 Error opening grid
 Using Uniform Grid!
 Using uniform alpha  1.
 Grid defined OK
 &&&&&&&& call_clear_events
 No improvement in events 60 1500
 &&&&&&&& call set_peaks
 myamp l312: xm( 3)=  0.00051109989
 myamp l312: xm( 4)=  171.24
 myamp l312: xm( 5)=  0.00051109989
 myamp l312: xm( 6)=  0.00051109989
Setting grid   1    0.83707E-11    0.00000E+00   1
Setting grid   2    0.83707E-11   -0.83707E-11   1
Setting grid   3    0.83707E-11    0.00000E+00   1
 &&&&&&&& (done)
 &&&&&&&& start do L286
 Iteration  1   Mean: 0.2781E+07   Fluctuation:  0.418E+06   0.140E+10     1.7%
  1   0.2781E+07 +- 0.4185E+06     13.46
 No improvement in events 15 1500
 Iteration  2   Mean: 0.2035E+07   Fluctuation:  0.843E+05   0.403E+09    10.3%
  2   0.2035E+07 +- 0.8431E+05      5.24
 No improvement in events 138 1500
 Iteration  3   Mean: 0.2006E+07   Fluctuation:  0.507E+05   0.229E+09    16.7%
  3   0.2006E+07 +- 0.5070E+05      4.52
 No improvement in events 447 1500
 Checking number of events -5758.999 1500
 No improvement in events 468 1500
 Iteration  4   Mean: 0.2064E+07   Fluctuation:  0.356E+05   0.431E+09    16.2%
  4   0.2064E+07 +- 0.3563E+05      4.37
 No improvement in events 901 1500
 Checking number of events -5758.999 1500
 No improvement in events 871 1500
 Iteration  5   Mean: 0.2065E+07   Fluctuation:  0.241E+05   0.503E+09    14.5%
  5   0.2065E+07 +- 0.2411E+05      4.18
 Found  18568 events.
 Wrote  1828 events.
 Correct xsec   2057274.14
 Event xsec   2057274.14
 Events wgts > 1:  37
 % Cross section > 1:   21076.8954  1.02450592
 Checking number of events -5758.999 1828
 Found  18568 events.
 Wrote  1921 events.
 Correct xsec   2057274.14
 Event xsec   2057274.14
 Events wgts > 1:  37
 % Cross section > 1:   20066.4674  0.975391028
 Fixing grid
 Iteration  6   Mean: 0.2068E+07   Fluctuation:  0.174E+05   0.166E+10    12.8%
  6   0.2068E+07 +- 0.1740E+05      4.26
 Found  38404 events.
 Wrote  3905 events.
 Correct xsec   2066642.74
 Event xsec   2066642.74
 Events wgts > 1:  50
 % Cross section > 1:   20927.7657  1.01264555
 Checking number of events -5758.999 3905
 Found  38404 events.
 Wrote  3976 events.
 Correct xsec   2066642.74
 Event xsec   2066642.74
 Events wgts > 1:  50
 % Cross section > 1:   20557.773  0.994742469
 Iteration  7   Mean: 0.2091E+07   Fluctuation:  0.117E+05   0.803E+09    12.8%
  7   0.2091E+07 +- 0.1171E+05      4.01
 Found  76602 events.
 Wrote  9236 events.
 Correct xsec   2081559.43
 Event xsec   2081559.43
 Events wgts > 1:  205
 % Cross section > 1:   20635.7012  0.991357775
 Checking number of events -5758.999 9236

 -------------------------------------------------------------------------------
 Accumulated results:   Integral =  0.2079E+07
                        Std dev  =  0.8564E+04
             Chi**2 per DoF.     =      1.5460
 -------------------------------------------------------------------------------
 &&&&&&&& ended loop 199
 &&&&&&&& ended loop L337
 &&&&&&&& ended loop L351
 &&&&&&&& ended loop L364
-----------------------------------------------------
---------------------------
 Results Last 3 iters:  Integral =   0.2082E+07
                         Std dev =   0.9011E+04
                 Chi**2 per DoF. =      0.8860
-----------------------------------------------------
---------------------------
 &&&&&&&& leaving sample_full
 No improvement in events 9231 9236
